\BOOKMARK [0][-]{section*.1}{\376\377\000\315\000n\000d\000i\000c\000e\000\040\000g\000e\000n\000e\000r\000a\000l}{}% 1
\BOOKMARK [0][-]{section*.2}{\376\377\000\315\000n\000d\000i\000c\000e\000\040\000d\000e\000\040\000f\000i\000g\000u\000r\000a\000s}{}% 2
\BOOKMARK [0][-]{section*.3}{\376\377\000\315\000n\000d\000i\000c\000e\000\040\000d\000e\000\040\000t\000a\000b\000l\000a\000s}{}% 3
\BOOKMARK [0][-]{chapter*.4}{\376\377\000L\000i\000s\000t\000a\000\040\000d\000e\000\040\000a\000b\000r\000e\000v\000i\000a\000t\000u\000r\000a\000s}{}% 4
\BOOKMARK [0][-]{chapter.1}{\376\377\000I\000n\000t\000r\000o\000d\000u\000c\000c\000i\000\363\000n}{}% 5
\BOOKMARK [1][-]{section.1.1}{\376\377\000C\000o\000n\000t\000e\000x\000t\000o}{chapter.1}% 6
\BOOKMARK [1][-]{section.1.2}{\376\377\000M\000o\000t\000i\000v\000a\000c\000i\000\363\000n}{chapter.1}% 7
\BOOKMARK [2][-]{subsection.1.2.1}{\376\377\000M\000o\000t\000i\000v\000a\000c\000i\000\363\000n\000\040\000p\000e\000r\000s\000o\000n\000a\000l}{section.1.2}% 8
\BOOKMARK [2][-]{subsection.1.2.2}{\376\377\000M\000o\000t\000i\000v\000a\000c\000i\000\363\000n\000\040\000p\000r\000o\000f\000e\000s\000i\000o\000n\000a\000l}{section.1.2}% 9
\BOOKMARK [1][-]{section.1.3}{\376\377\000O\000b\000j\000e\000t\000i\000v\000o\000s}{chapter.1}% 10
\BOOKMARK [2][-]{subsection.1.3.1}{\376\377\000P\000r\000o\000c\000e\000s\000a\000m\000i\000e\000n\000t\000o\000\040\000d\000e\000\040\000a\000r\000c\000h\000i\000v\000o\000s\000\040\000V\000C\000F\000\040\000y\000\040\000s\000e\000c\000u\000e\000n\000c\000i\000a\000s\000\040\000g\000e\000n\000\363\000m\000i\000c\000a\000s}{section.1.3}% 11
\BOOKMARK [2][-]{subsection.1.3.2}{\376\377\000A\000p\000l\000i\000c\000a\000c\000i\000\363\000n\000\040\000d\000e\000\040\000T\000e\000o\000r\000\355\000a\000\040\000d\000e\000\040\000l\000a\000\040\000I\000n\000f\000o\000r\000m\000a\000c\000i\000\363\000n\000\040\000y\000\040\000f\000u\000e\000n\000t\000e\000s\000\040\000d\000e\000\040\000M\000a\000r\000k\000o\000v\000\040\000a\000l\000\040\000a\000n\000\341\000l\000i\000s\000i\000s\000\040\000d\000e\000\040\000s\000e\000c\000u\000e\000n\000c\000i\000a\000s\000\040\000g\000e\000n\000\363\000m\000i\000c\000a\000s\000\040}{section.1.3}% 12
\BOOKMARK [2][-]{subsection.1.3.3}{\376\377\000D\000e\000s\000a\000r\000r\000o\000l\000l\000o\000\040\000d\000e\000\040\000u\000n\000a\000\040\000i\000n\000t\000e\000r\000f\000a\000z\000\040\000d\000e\000\040\000u\000s\000u\000a\000r\000i\000o\000\040\000p\000a\000r\000a\000\040\000l\000a\000\040\000v\000i\000s\000u\000a\000l\000i\000z\000a\000c\000i\000\363\000n\000\040\000d\000e\000\040\000r\000e\000s\000u\000l\000t\000a\000d\000o\000s\000\040}{section.1.3}% 13
\BOOKMARK [2][-]{subsection.1.3.4}{\376\377\000C\000o\000n\000t\000r\000i\000b\000u\000c\000i\000\363\000n\000\040\000a\000\040\000l\000a\000s\000\040\000a\000p\000l\000i\000c\000a\000c\000i\000o\000n\000e\000s\000\040\000d\000e\000\040\000l\000a\000\040\000I\000A\000\040\000e\000n\000\040\000e\000l\000\040\000c\000a\000m\000p\000o\000\040\000d\000e\000\040\000l\000a\000\040\000i\000n\000v\000e\000s\000t\000i\000g\000a\000c\000i\000\363\000n\000\040\000g\000e\000n\000\351\000t\000i\000c\000a\000\040}{section.1.3}% 14
\BOOKMARK [1][-]{section.1.4}{\376\377\000E\000s\000t\000r\000u\000c\000t\000u\000r\000a\000\040\000d\000e\000\040\000l\000a\000\040\000m\000e\000m\000o\000r\000i\000a}{chapter.1}% 15
\BOOKMARK [0][-]{chapter.2}{\376\377\000E\000s\000t\000a\000d\000o\000\040\000d\000e\000l\000\040\000a\000r\000t\000e}{}% 16
\BOOKMARK [1][-]{section.2.1}{\376\377\000M\000\351\000t\000o\000d\000o\000s\000\040\000t\000r\000a\000d\000i\000c\000i\000o\000n\000a\000l\000e\000s}{chapter.2}% 17
\BOOKMARK [1][-]{section.2.2}{\376\377\000I\000n\000t\000e\000l\000i\000g\000e\000n\000c\000i\000a\000\040\000A\000r\000t\000i\000f\000i\000c\000i\000a\000l}{chapter.2}% 18
\BOOKMARK [2][-]{subsection.2.2.1}{\376\377\000A\000p\000l\000i\000c\000a\000c\000i\000o\000n\000e\000s\000\040\000d\000e\000\040\000M\000a\000c\000h\000i\000n\000e\000\040\000L\000e\000a\000r\000n\000i\000n\000g}{section.2.2}% 19
\BOOKMARK [2][-]{subsection.2.2.2}{\376\377\000A\000p\000l\000i\000c\000a\000c\000i\000o\000n\000e\000s\000\040\000d\000e\000\040\000T\000e\000o\000r\000\355\000a\000\040\000d\000e\000\040\000l\000a\000\040\000I\000n\000f\000o\000r\000m\000a\000c\000i\000\363\000n\000\040\000y\000\040\000f\000u\000e\000n\000t\000e\000s\000\040\000d\000e\000\040\000M\000a\000r\000k\000o\000v}{section.2.2}% 20
\BOOKMARK [1][-]{section.2.3}{\376\377\000O\000t\000r\000a\000s\000\040\000t\000e\000r\000a\000p\000i\000a\000s\000\040\000e\000m\000e\000r\000g\000e\000n\000t\000e\000s}{chapter.2}% 21
\BOOKMARK [0][-]{chapter.3}{\376\377\000F\000u\000n\000d\000a\000m\000e\000n\000t\000o\000s\000\040\000t\000e\000\363\000r\000i\000c\000o\000s}{}% 22
\BOOKMARK [1][-]{section.3.1}{\376\377\000C\000o\000n\000c\000e\000p\000t\000o\000s\000\040\000b\000\341\000s\000i\000c\000o\000s\000\040\000d\000e\000\040\000g\000e\000n\000\351\000t\000i\000c\000a\000\040\000y\000\040\000m\000u\000t\000a\000c\000i\000o\000n\000e\000s}{chapter.3}% 23
\BOOKMARK [1][-]{section.3.2}{\376\377\000C\000o\000n\000c\000e\000p\000t\000o\000s\000\040\000b\000\341\000s\000i\000c\000o\000s\000\040\000d\000e\000\040\000f\000i\000c\000h\000e\000r\000o\000s\000\040\000g\000e\000n\000\351\000t\000i\000c\000o\000s}{chapter.3}% 24
\BOOKMARK [2][-]{subsection.3.2.1}{\376\377\000F\000A\000S\000T\000A}{section.3.2}% 25
\BOOKMARK [2][-]{subsection.3.2.2}{\376\377\000V\000C\000F}{section.3.2}% 26
\BOOKMARK [1][-]{section.3.3}{\376\377\000T\000e\000o\000r\000\355\000a\000\040\000d\000e\000\040\000l\000a\000\040\000I\000n\000f\000o\000r\000m\000a\000c\000i\000\363\000n}{chapter.3}% 27
\BOOKMARK [2][-]{subsection.3.3.1}{\376\377\000C\000a\000n\000a\000l\000\040\000d\000e\000\040\000c\000o\000m\000u\000n\000i\000c\000a\000c\000i\000\363\000n\000\040}{section.3.3}% 28
\BOOKMARK [2][-]{subsection.3.3.2}{\376\377\000C\000o\000m\000p\000r\000e\000s\000i\000\363\000n\000\040\000d\000e\000\040\000d\000a\000t\000o\000s}{section.3.3}% 29
\BOOKMARK [2][-]{subsection.3.3.3}{\376\377\000C\000\363\000d\000i\000g\000o}{section.3.3}% 30
\BOOKMARK [2][-]{subsection.3.3.4}{\376\377\000E\000n\000t\000r\000o\000p\000\355\000a}{section.3.3}% 31
\BOOKMARK [2][-]{subsection.3.3.5}{\376\377\000I\000n\000f\000o\000r\000m\000a\000c\000i\000\363\000n}{section.3.3}% 32
\BOOKMARK [2][-]{subsection.3.3.6}{\376\377\000M\000o\000d\000e\000l\000o\000s\000\040\000d\000e\000\040\000f\000u\000e\000n\000t\000e\000s\000\040\000d\000e\000\040\000M\000a\000r\000k\000o\000v}{section.3.3}% 33
\BOOKMARK [0][-]{chapter.4}{\376\377\000A\000n\000\341\000l\000i\000s\000i\000s\000\040\000d\000e\000l\000\040\000p\000r\000o\000b\000l\000e\000m\000a}{}% 34
\BOOKMARK [1][-]{section.4.1}{\376\377\000A\000n\000\341\000l\000i\000s\000i\000s\000\040\000d\000e\000l\000\040\000m\000a\000r\000c\000o\000\040\000l\000e\000g\000a\000l\000\040\000y\000\040\000\351\000t\000i\000c\000o}{chapter.4}% 35
\BOOKMARK [1][-]{section.4.2}{\376\377\000I\000d\000e\000n\000t\000i\000f\000i\000c\000a\000c\000i\000\363\000n\000\040\000y\000\040\000a\000n\000\341\000l\000i\000s\000i\000s\000\040\000d\000e\000\040\000s\000o\000l\000u\000c\000i\000o\000n\000e\000s}{chapter.4}% 36
\BOOKMARK [2][-]{subsection.4.2.1}{\376\377\000C\000a\000s\000o\000\040\0001\000:\000\040\000C\000\341\000l\000c\000u\000l\000o\000\040\000d\000e\000\040\000e\000n\000t\000r\000o\000p\000\355\000a\000\040\000e\000n\000\040\000v\000e\000n\000t\000a\000n\000a\000s\000\040\000d\000e\000s\000l\000i\000z\000a\000n\000t\000e\000s}{section.4.2}% 37
\BOOKMARK [2][-]{subsection.4.2.2}{\376\377\000C\000a\000s\000o\000\040\0002\000:\000\040\000C\000\341\000l\000c\000u\000l\000o\000\040\000d\000e\000\040\000e\000n\000t\000r\000o\000p\000\355\000a\000\040\000b\000a\000s\000a\000d\000a\000\040\000e\000n\000\040\000p\000r\000o\000b\000a\000b\000i\000l\000i\000d\000a\000d\000e\000s\000\040\000c\000o\000n\000d\000i\000c\000i\000o\000n\000a\000l\000e\000s\000\040\000\050\000M\000o\000d\000e\000l\000o\000\040\000d\000e\000\040\000M\000a\000r\000k\000o\000v\000\051}{section.4.2}% 38
\BOOKMARK [2][-]{subsection.4.2.3}{\376\377\000C\000a\000s\000o\000\040\0003\000:\000\040\000C\000\341\000l\000c\000u\000l\000o\000\040\000d\000e\000\040\000d\000e\000n\000s\000i\000d\000a\000d\000\040\000d\000e\000\040\000m\000u\000t\000a\000c\000i\000o\000n\000e\000s}{section.4.2}% 39
\BOOKMARK [0][-]{chapter.5}{\376\377\000D\000i\000s\000e\000\361\000o\000\040\000d\000e\000\040\000l\000a\000\040\000s\000o\000l\000u\000c\000i\000\363\000n\000\040}{}% 40
\BOOKMARK [1][-]{section.5.1}{\376\377\000T\000e\000c\000n\000o\000l\000o\000g\000\355\000a\000s\000\040\000u\000t\000i\000l\000i\000z\000a\000d\000a\000s}{chapter.5}% 41
\BOOKMARK [2][-]{subsection.5.1.1}{\376\377\000E\000n\000t\000o\000r\000n\000o\000\040\000d\000e\000\040\000T\000r\000a\000b\000a\000j\000o}{section.5.1}% 42
\BOOKMARK [2][-]{subsection.5.1.2}{\376\377\000A\000r\000c\000h\000i\000v\000o\000s\000\040\000n\000e\000c\000e\000s\000a\000r\000i\000o\000s}{section.5.1}% 43
\BOOKMARK [2][-]{subsection.5.1.3}{\376\377\000L\000i\000b\000r\000e\000r\000\355\000a\000s\000\040\000u\000t\000i\000l\000i\000z\000a\000d\000a\000s}{section.5.1}% 44
\BOOKMARK [1][-]{section.5.2}{\376\377\000A\000r\000q\000u\000i\000t\000e\000c\000t\000u\000r\000a\000\040\000d\000e\000l\000\040\000s\000i\000s\000t\000e\000m\000a}{chapter.5}% 45
\BOOKMARK [2][-]{subsection.5.2.1}{\376\377\000C\000a\000r\000g\000a\000\040\000d\000e\000\040\000D\000a\000t\000o\000s}{section.5.2}% 46
\BOOKMARK [2][-]{subsection.5.2.2}{\376\377\000A\000n\000\341\000l\000i\000s\000i\000s\000\040\000d\000e\000\040\000S\000e\000c\000u\000e\000n\000c\000i\000a\000\040\000G\000e\000n\000\363\000m\000i\000c\000a}{section.5.2}% 47
\BOOKMARK [2][-]{subsection.5.2.3}{\376\377\000V\000i\000s\000u\000a\000l\000i\000z\000a\000c\000i\000\363\000n\000\040\000y\000\040\000E\000x\000p\000o\000r\000t\000a\000c\000i\000\363\000n\000\040\000d\000e\000\040\000R\000e\000s\000u\000l\000t\000a\000d\000o\000s\000\040}{section.5.2}% 48
\BOOKMARK [0][-]{chapter.6}{\376\377\000D\000e\000s\000a\000r\000r\000o\000l\000l\000o}{}% 49
\BOOKMARK [1][-]{section.6.1}{\376\377\000I\000m\000p\000o\000r\000t\000a\000c\000i\000\363\000n\000\040\000d\000e\000\040\000l\000i\000b\000r\000e\000r\000\355\000a\000s\000\040\000y\000\040\000c\000o\000n\000f\000i\000g\000u\000r\000a\000c\000i\000\363\000n\000\040\000i\000n\000i\000c\000i\000a\000l\000\040}{chapter.6}% 50
\BOOKMARK [1][-]{section.6.2}{\376\377\000L\000e\000c\000t\000u\000r\000a\000\040\000d\000e\000\040\000l\000a\000s\000\040\000m\000u\000t\000a\000c\000i\000o\000n\000e\000s\000\040\000p\000r\000e\000s\000e\000n\000t\000e\000s\000\040\000e\000n\000\040\000e\000l\000\040\000a\000r\000c\000h\000i\000v\000o\000\040\000V\000C\000F}{chapter.6}% 51
\BOOKMARK [1][-]{section.6.3}{\376\377\000A\000l\000m\000a\000c\000e\000n\000a\000m\000i\000e\000n\000t\000o\000\040\000d\000e\000\040\000l\000a\000s\000\040\000m\000u\000t\000a\000c\000i\000o\000n\000e\000s\000\040\000e\000n\000\040\000u\000n\000a\000\040\000e\000s\000t\000r\000u\000c\000t\000u\000r\000a\000\040\000d\000e\000\040\000d\000a\000t\000o\000s\000\040\000a\000d\000e\000c\000u\000a\000d\000a}{chapter.6}% 52
\BOOKMARK [1][-]{section.6.4}{\376\377\000E\000x\000t\000r\000a\000c\000c\000i\000\363\000n\000\040\000d\000e\000\040\000l\000a\000\040\000s\000e\000c\000u\000e\000n\000c\000i\000a\000\040\000d\000e\000\040\000r\000e\000f\000e\000r\000e\000n\000c\000i\000a\000\040\000d\000e\000l\000\040\000c\000r\000o\000m\000o\000s\000o\000m\000a\000\040\000c\000o\000r\000r\000e\000s\000p\000o\000n\000d\000i\000e\000n\000t\000e}{chapter.6}% 53
\BOOKMARK [1][-]{section.6.5}{\376\377\000A\000p\000l\000i\000c\000a\000c\000i\000\363\000n\000\040\000d\000e\000\040\000l\000a\000s\000\040\000m\000u\000t\000a\000c\000i\000o\000n\000e\000s\000\040\000s\000o\000b\000r\000e\000\040\000l\000a\000\040\000s\000e\000c\000u\000e\000n\000c\000i\000a\000\040\000d\000e\000\040\000r\000e\000f\000e\000r\000e\000n\000c\000i\000a}{chapter.6}% 54
\BOOKMARK [1][-]{section.6.6}{\376\377\000C\000\341\000l\000c\000u\000l\000o\000\040\000d\000e\000\040\000l\000a\000\040\000e\000n\000t\000r\000o\000p\000\355\000a\000\040\000m\000e\000d\000i\000a\000n\000t\000e\000\040\000v\000e\000n\000t\000a\000n\000a\000s\000\040\000d\000e\000s\000l\000i\000z\000a\000n\000t\000e\000s}{chapter.6}% 55
\BOOKMARK [1][-]{section.6.7}{\376\377\000R\000e\000p\000r\000e\000s\000e\000n\000t\000a\000c\000i\000\363\000n\000\040\000g\000r\000\341\000f\000i\000c\000a\000\040\000d\000e\000\040\000l\000a\000\040\000e\000n\000t\000r\000o\000p\000\355\000a\000\040\000e\000n\000\040\000a\000m\000b\000a\000s\000\040\000s\000e\000c\000u\000e\000n\000c\000i\000a\000s}{chapter.6}% 56
\BOOKMARK [1][-]{section.6.8}{\376\377\000C\000\341\000l\000c\000u\000l\000o\000\040\000d\000e\000\040\000l\000a\000\040\000d\000e\000n\000s\000i\000d\000a\000d\000\040\000d\000e\000\040\000m\000u\000t\000a\000c\000i\000o\000n\000e\000s}{chapter.6}% 57
\BOOKMARK [1][-]{section.6.9}{\376\377\000R\000e\000p\000r\000e\000s\000e\000n\000t\000a\000c\000i\000\363\000n\000\040\000g\000r\000\341\000f\000i\000c\000a\000\040\000d\000e\000\040\000l\000a\000\040\000d\000e\000n\000s\000i\000d\000a\000d\000\040\000d\000e\000\040\000m\000u\000t\000a\000c\000i\000o\000n\000e\000s}{chapter.6}% 58
\BOOKMARK [1][-]{section.6.10}{\376\377\000C\000o\000n\000s\000t\000r\000u\000c\000c\000i\000\363\000n\000\040\000d\000e\000\040\000l\000a\000\040\000f\000u\000e\000n\000t\000e\000\040\000d\000e\000\040\000M\000a\000r\000k\000o\000v\000\040\000p\000a\000r\000a\000\040\000e\000l\000\040\000c\000\341\000l\000c\000u\000l\000o\000\040\000d\000e\000\040\000p\000r\000o\000b\000a\000b\000i\000l\000i\000d\000a\000d\000e\000s\000\040\000d\000e\000\040\000t\000r\000a\000n\000s\000i\000c\000i\000\363\000n}{chapter.6}% 59
\BOOKMARK [1][-]{section.6.11}{\376\377\000R\000e\000p\000r\000e\000s\000e\000n\000t\000a\000c\000i\000\363\000n\000\040\000y\000\040\000g\000u\000a\000r\000d\000a\000d\000o\000\040\000d\000e\000\040\000l\000a\000\040\000f\000u\000e\000n\000t\000e\000\040\000d\000e\000\040\000M\000a\000r\000k\000o\000v}{chapter.6}% 60
\BOOKMARK [1][-]{section.6.12}{\376\377\000C\000\341\000l\000c\000u\000l\000o\000\040\000d\000e\000\040\000l\000a\000s\000\040\000p\000r\000o\000b\000a\000b\000i\000l\000i\000d\000a\000d\000e\000s\000\040\000d\000e\000\040\000t\000r\000a\000n\000s\000i\000c\000i\000\363\000n\000\040\000y\000\040\000d\000e\000\040\000l\000a\000\040\000e\000n\000t\000r\000o\000p\000\355\000a\000\040\000c\000o\000n\000d\000i\000c\000i\000o\000n\000a\000l}{chapter.6}% 61
\BOOKMARK [1][-]{section.6.13}{\376\377\000R\000e\000p\000r\000e\000s\000e\000n\000t\000a\000c\000i\000\363\000n\000\040\000g\000r\000\341\000f\000i\000c\000a\000\040\000d\000e\000\040\000l\000a\000\040\000e\000n\000t\000r\000o\000p\000\355\000a\000\040\000c\000o\000n\000d\000i\000c\000i\000o\000n\000a\000l\000\040\000e\000n\000\040\000a\000m\000b\000a\000s\000\040\000s\000e\000c\000u\000e\000n\000c\000i\000a\000s}{chapter.6}% 62
\BOOKMARK [1][-]{section.6.14}{\376\377\000I\000n\000t\000e\000r\000f\000a\000z\000\040\000g\000r\000\341\000f\000i\000c\000a}{chapter.6}% 63
\BOOKMARK [0][-]{chapter.7}{\376\377\000E\000x\000p\000e\000r\000i\000m\000e\000n\000t\000o\000s}{}% 64
\BOOKMARK [1][-]{section.7.1}{\376\377\000E\000x\000p\000e\000r\000i\000m\000e\000n\000t\000o\000\040\000b\000a\000s\000e}{chapter.7}% 65
\BOOKMARK [1][-]{section.7.2}{\376\377\000E\000x\000p\000e\000r\000i\000m\000e\000n\000t\000o\000\040\000c\000o\000n\000\040\000v\000a\000l\000o\000r\000e\000s\000\040\000g\000r\000a\000n\000d\000e\000s\000\040\000p\000a\000r\000a\000\040\000e\000l\000\040\000t\000a\000m\000a\000\361\000o\000\040\000d\000e\000\040\000k\000-\000m\000e\000r}{chapter.7}% 66
\BOOKMARK [1][-]{section.7.3}{\376\377\000E\000x\000p\000e\000r\000i\000m\000e\000n\000t\000o\000\040\000c\000o\000n\000\040\000v\000a\000l\000o\000r\000e\000s\000\040\000g\000r\000a\000n\000d\000e\000s\000\040\000p\000a\000r\000a\000\040\000e\000l\000\040\000o\000r\000d\000e\000n\000\040\000d\000e\000\040\000l\000a\000\040\000f\000u\000e\000n\000t\000e\000\040\000d\000e\000\040\000M\000a\000r\000k\000o\000v}{chapter.7}% 67
\BOOKMARK [1][-]{section.7.4}{\376\377\000E\000x\000p\000e\000r\000i\000m\000e\000n\000t\000o\000s\000\040\000c\000o\000n\000\040\000c\000r\000o\000m\000o\000s\000o\000m\000a\000\040\000X}{chapter.7}% 68
\BOOKMARK [0][-]{chapter.8}{\376\377\000C\000o\000n\000c\000l\000u\000s\000i\000o\000n\000e\000s}{}% 69
\BOOKMARK [1][-]{section.8.1}{\376\377\000T\000r\000a\000b\000a\000j\000o\000\040\000f\000u\000t\000u\000r\000o}{chapter.8}% 70
\BOOKMARK [2][-]{subsection.8.1.1}{\376\377\000A\000m\000p\000l\000i\000a\000c\000i\000\363\000n\000\040\000a\000\040\000o\000t\000r\000a\000s\000\040\000e\000n\000f\000e\000r\000m\000e\000d\000a\000d\000e\000s\000\040\000r\000a\000r\000a\000s}{section.8.1}% 71
\BOOKMARK [2][-]{subsection.8.1.2}{\376\377\000A\000p\000l\000i\000c\000a\000c\000i\000\363\000n\000\040\000d\000e\000\040\000t\000\351\000c\000n\000i\000c\000a\000s\000\040\000d\000e\000\040\000M\000a\000c\000h\000i\000n\000e\000\040\000L\000e\000a\000r\000n\000i\000n\000g}{section.8.1}% 72
\BOOKMARK [2][-]{subsection.8.1.3}{\376\377\000E\000x\000p\000l\000o\000r\000a\000c\000i\000\363\000n\000\040\000d\000e\000\040\000o\000t\000r\000a\000s\000\040\000m\000\351\000t\000r\000i\000c\000a\000s\000\040\000d\000e\000\040\000T\000e\000o\000r\000\355\000a\000\040\000d\000e\000\040\000l\000a\000\040\000I\000n\000f\000o\000r\000m\000a\000c\000i\000\363\000n}{section.8.1}% 73
\BOOKMARK [0][-]{chapter*.37}{\376\377\000B\000i\000b\000l\000i\000o\000g\000r\000a\000f\000\355\000a}{}% 74
\BOOKMARK [0][-]{appendix.Alph1}{\376\377\000O\000b\000j\000e\000t\000i\000v\000o\000s\000\040\000d\000e\000\040\000D\000e\000s\000a\000r\000r\000o\000l\000l\000o\000\040\000S\000o\000s\000t\000e\000n\000i\000b\000l\000e}{}% 75
