This is pdfTeX, Version 3.141592653-2.6-1.40.25 (TeX Live 2023/Debian) (preloaded format=pdflatex 2025.3.25)  27 MAY 2025 11:44
entering extended mode
 restricted \write18 enabled.
 file:line:error style messages enabled.
 %&-line parsing enabled.
**/home/crodriguez/Proyecto-Genoma-Humano/tfgetsinf/plantillatfg.tex
(/home/crodriguez/Proyecto-Genoma-Humano/tfgetsinf/plantillatfg.tex
LaTeX2e <2023-11-01> patch level 1
L3 programming layer <2024-01-22>
(./tfgetsinf.cls
Document Class: tfgetsinf 2015/05/04 v1 LaTeX document class
(/usr/share/texlive/texmf-dist/tex/latex/base/book.cls
Document Class: book 2023/05/17 v1.4n Standard LaTeX document class
(/usr/share/texlive/texmf-dist/tex/latex/base/bk11.clo
File: bk11.clo 2023/05/17 v1.4n Standard LaTeX file (size option)
)
\c@part=\count187
\c@chapter=\count188
\c@section=\count189
\c@subsection=\count190
\c@subsubsection=\count191
\c@paragraph=\count192
\c@subparagraph=\count193
\c@figure=\count194
\c@table=\count195
\abovecaptionskip=\skip48
\belowcaptionskip=\skip49
\bibindent=\dimen140
) (/usr/share/texlive/texmf-dist/tex/latex/base/fontenc.sty
Package: fontenc 2021/04/29 v2.0v Standard LaTeX package
) (/usr/share/texlive/texmf-dist/tex/generic/babel/babel.sty
Package: babel 2024/01/07 v24.1 The Babel package
\babel@savecnt=\count196
\U@D=\dimen141
\l@unhyphenated=\language89
 (/usr/share/texlive/texmf-dist/tex/generic/babel/txtbabel.def)
\bbl@readstream=\read2
\bbl@dirlevel=\count197
Package babel Info: Main language set with 'main='. Except if you have
(babel)             problems, prefer the default mechanism for setting
(babel)             the main language, ie, as the last declared.
(babel)             Reported on input line 4250.
 (/usr/share/texlive/texmf-dist/tex/generic/babel-english/english.ldf
Language: english 2017/06/06 v3.3r English support from the babel system
Package babel Info: Hyphen rules for 'canadian' set to \l@english
(babel)             (\language0). Reported on input line 102.
Package babel Info: Hyphen rules for 'australian' set to \l@ukenglish
(babel)             (\language40). Reported on input line 105.
Package babel Info: Hyphen rules for 'newzealand' set to \l@ukenglish
(babel)             (\language40). Reported on input line 108.
) (/usr/share/texlive/texmf-dist/tex/generic/babel-catalan/catalan.ldf
Language: catalan 2005/03/29 v2.2p Catalan support from the babel system
Package babel Info: Making " an active character on input line 91.
\leftllkern=\dimen142
\rightllkern=\dimen143
\raiselldim=\dimen144
) (/usr/share/texlive/texmf-dist/tex/generic/babel-spanish/spanish.ldf
Language: spanish.ldf 2021/05/27 v5.0q Spanish support from the babel system
\es@quottoks=\toks17
\es@quotdepth=\count198
Package babel Info: Making . an active character on input line 675.
Package babel Info: Making < an active character on input line 722.
Package babel Info: Making > an active character on input line 722.
)) (/usr/share/texlive/texmf-dist/tex/generic/babel/locale/es/babel-spanish.tex
Package babel Info: Importing font and identification data for spanish
(babel)             from babel-es.ini. Reported on input line 11.
) (/usr/share/texlive/texmf-dist/tex/generic/babel/locale/ca/babel-catalan.tex
Package babel Info: Importing font and identification data for catalan
(babel)             from babel-ca.ini. Reported on input line 11.
) (/usr/share/texlive/texmf-dist/tex/generic/babel/locale/en/babel-english.tex
Package babel Info: Importing font and identification data for english
(babel)             from babel-en.ini. Reported on input line 11.
) (/usr/share/texlive/texmf-dist/tex/latex/psnfss/mathpazo.sty
Package: mathpazo 2020/03/25 PSNFSS-v9.3 Palatino w/ Pazo Math (D.Puga, WaS) 
\symupright=\mathgroup4
) (/usr/share/texlive/texmf-dist/tex/latex/geometry/geometry.sty
Package: geometry 2020/01/02 v5.9 Page Geometry
 (/usr/share/texlive/texmf-dist/tex/latex/graphics/keyval.sty
Package: keyval 2022/05/29 v1.15 key=value parser (DPC)
\KV@toks@=\toks18
) (/usr/share/texlive/texmf-dist/tex/generic/iftex/ifvtex.sty
Package: ifvtex 2019/10/25 v1.7 ifvtex legacy package. Use iftex instead.
 (/usr/share/texlive/texmf-dist/tex/generic/iftex/iftex.sty
Package: iftex 2022/02/03 v1.0f TeX engine tests
))
\Gm@cnth=\count199
\Gm@cntv=\count266
\c@Gm@tempcnt=\count267
\Gm@bindingoffset=\dimen145
\Gm@wd@mp=\dimen146
\Gm@odd@mp=\dimen147
\Gm@even@mp=\dimen148
\Gm@layoutwidth=\dimen149
\Gm@layoutheight=\dimen150
\Gm@layouthoffset=\dimen151
\Gm@layoutvoffset=\dimen152
\Gm@dimlist=\toks19
) (/usr/share/texlive/texmf-dist/tex/latex/url/url.sty
\Urlmuskip=\muskip16
Package: url 2013/09/16  ver 3.4  Verb mode for urls, etc.
) (/usr/share/texlive/texmf-dist/tex/latex/tocbibind/tocbibind.sty
Package: tocbibind 2010/10/13 v1.5k extra ToC listings
Package tocbibind Info: The document has chapter divisions on input line 50.


Package tocbibind Note: Using chapter style headings, unless overridden.

) (/usr/share/texlive/texmf-dist/tex/latex/xcolor/xcolor.sty
Package: xcolor 2023/11/15 v3.01 LaTeX color extensions (UK)
 (/usr/share/texlive/texmf-dist/tex/latex/graphics-cfg/color.cfg
File: color.cfg 2016/01/02 v1.6 sample color configuration
)
Package xcolor Info: Driver file: pdftex.def on input line 274.
 (/usr/share/texlive/texmf-dist/tex/latex/graphics-def/pdftex.def
File: pdftex.def 2022/09/22 v1.2b Graphics/color driver for pdftex
) (/usr/share/texlive/texmf-dist/tex/latex/graphics/mathcolor.ltx)
Package xcolor Info: Model `cmy' substituted by `cmy0' on input line 1350.
Package xcolor Info: Model `hsb' substituted by `rgb' on input line 1354.
Package xcolor Info: Model `RGB' extended on input line 1366.
Package xcolor Info: Model `HTML' substituted by `rgb' on input line 1368.
Package xcolor Info: Model `Hsb' substituted by `hsb' on input line 1369.
Package xcolor Info: Model `tHsb' substituted by `hsb' on input line 1370.
Package xcolor Info: Model `HSB' substituted by `hsb' on input line 1371.
Package xcolor Info: Model `Gray' substituted by `gray' on input line 1372.
Package xcolor Info: Model `wave' substituted by `hsb' on input line 1373.
) (/usr/share/texlive/texmf-dist/tex/latex/caption/caption.sty
Package: caption 2023/08/05 v3.6o Customizing captions (AR)
 (/usr/share/texlive/texmf-dist/tex/latex/caption/caption3.sty
Package: caption3 2023/07/31 v2.4d caption3 kernel (AR)
\caption@tempdima=\dimen153
\captionmargin=\dimen154
\caption@leftmargin=\dimen155
\caption@rightmargin=\dimen156
\caption@width=\dimen157
\caption@indent=\dimen158
\caption@parindent=\dimen159
\caption@hangindent=\dimen160
Package caption Info: Standard document class detected.
)
\c@caption@flags=\count268
\c@continuedfloat=\count269
) (/usr/share/texlive/texmf-dist/tex/latex/algorithms/algorithmic.sty
Package: algorithmic 2009/08/24 v0.1 Document Style `algorithmic'
 (/usr/share/texlive/texmf-dist/tex/latex/base/ifthen.sty
Package: ifthen 2022/04/13 v1.1d Standard LaTeX ifthen package (DPC)
)
\c@ALC@unique=\count270
\c@ALC@line=\count271
\c@ALC@rem=\count272
\c@ALC@depth=\count273
\ALC@tlm=\skip50
\algorithmicindent=\skip51
) (/usr/share/texlive/texmf-dist/tex/latex/newfloat/newfloat.sty
Package: newfloat 2023/10/01 v1.2 Defining new floating environments (AR)
Package newfloat Info: Document class `book' detected (original).
)
Package newfloat Info: New float `algorithm' with options `fileext=loa, listname=\'Index d'algorismes,name=Algorisme' on input line 162.
\c@algorithm=\count274
\newfloat@ftype=\count275
Package newfloat Info: float type `algorithm'=8 on input line 162.
Package newfloat Info: \algorithmname is already defined on input line 162.
Package newfloat Info: \listalgorithmname is already defined on input line 162.
Package newfloat Info: New float `quadre' with options `fileext=loq, listname=\'Index de quadres,name=Quadre' on input line 167.
\c@quadre=\count276
Package newfloat Info: float type `quadre'=16 on input line 167.
Package newfloat Info: \quadrename is already defined on input line 167.
Package newfloat Info: \listquadrename is already defined on input line 167.
 (/usr/share/texlive/texmf-dist/tex/latex/listings/listings.sty
\lst@mode=\count277
\lst@gtempboxa=\box51
\lst@token=\toks20
\lst@length=\count278
\lst@currlwidth=\dimen161
\lst@column=\count279
\lst@pos=\count280
\lst@lostspace=\dimen162
\lst@width=\dimen163
\lst@newlines=\count281
\lst@lineno=\count282
\lst@maxwidth=\dimen164
 (/usr/share/texlive/texmf-dist/tex/latex/listings/lstmisc.sty
File: lstmisc.sty 2023/02/27 1.9 (Carsten Heinz)
\c@lstnumber=\count283
\lst@skipnumbers=\count284
\lst@framebox=\box52
) (/usr/share/texlive/texmf-dist/tex/latex/listings/listings.cfg
File: listings.cfg 2023/02/27 1.9 listings configuration
))
Package: listings 2023/02/27 1.9 (Carsten Heinz)
 (/usr/share/texlive/texmf-dist/tex/latex/listings/lstlang1.sty
File: lstlang1.sty 2023/02/27 1.9 listings language file
) (/usr/share/texlive/texmf-dist/tex/latex/listings/lstlang1.sty
File: lstlang1.sty 2023/02/27 1.9 listings language file
) (/usr/share/texlive/texmf-dist/tex/latex/listings/lstmisc.sty
File: lstmisc.sty 2023/02/27 1.9 (Carsten Heinz)
) (/usr/share/texlive/texmf-dist/tex/latex/titlesec/titlesec.sty
Package: titlesec 2023/10/27 v2.16 Sectioning titles
\ttl@box=\box53
\beforetitleunit=\skip52
\aftertitleunit=\skip53
\ttl@plus=\dimen165
\ttl@minus=\dimen166
\ttl@toksa=\toks21
\titlewidth=\dimen167
\titlewidthlast=\dimen168
\titlewidthfirst=\dimen169
) (/usr/share/texlive/texmf-dist/tex/latex/tocloft/tocloft.sty
Package: tocloft 2017/08/31 v2.3i parameterised ToC, etc., typesetting
Package tocloft Info: The document has chapter divisions on input line 51.
\cftparskip=\skip54
\cftbeforetoctitleskip=\skip55
\cftaftertoctitleskip=\skip56
\cftbeforepartskip=\skip57
\cftpartnumwidth=\skip58
\cftpartindent=\skip59
\cftbeforechapskip=\skip60
\cftchapindent=\skip61
\cftchapnumwidth=\skip62
\cftbeforesecskip=\skip63
\cftsecindent=\skip64
\cftsecnumwidth=\skip65
\cftbeforesubsecskip=\skip66
\cftsubsecindent=\skip67
\cftsubsecnumwidth=\skip68
\cftbeforesubsubsecskip=\skip69
\cftsubsubsecindent=\skip70
\cftsubsubsecnumwidth=\skip71
\cftbeforeparaskip=\skip72
\cftparaindent=\skip73
\cftparanumwidth=\skip74
\cftbeforesubparaskip=\skip75
\cftsubparaindent=\skip76
\cftsubparanumwidth=\skip77
\cftbeforeloftitleskip=\skip78
\cftafterloftitleskip=\skip79
\cftbeforefigskip=\skip80
\cftfigindent=\skip81
\cftfignumwidth=\skip82
\c@lofdepth=\count285
\c@lotdepth=\count286
\cftbeforelottitleskip=\skip83
\cftafterlottitleskip=\skip84
\cftbeforetabskip=\skip85
\cfttabindent=\skip86
\cfttabnumwidth=\skip87
) (/usr/share/texlive/texmf-dist/tex/latex/fancyhdr/fancyhdr.sty
Package: fancyhdr 2022/11/09 v4.1 Extensive control of page headers and footers
\f@nch@headwidth=\skip88
\f@nch@O@elh=\skip89
\f@nch@O@erh=\skip90
\f@nch@O@olh=\skip91
\f@nch@O@orh=\skip92
\f@nch@O@elf=\skip93
\f@nch@O@erf=\skip94
\f@nch@O@olf=\skip95
\f@nch@O@orf=\skip96
) (/usr/share/texlive/texmf-dist/tex/latex/graphics/graphicx.sty
Package: graphicx 2021/09/16 v1.2d Enhanced LaTeX Graphics (DPC,SPQR)
 (/usr/share/texlive/texmf-dist/tex/latex/graphics/graphics.sty
Package: graphics 2022/03/10 v1.4e Standard LaTeX Graphics (DPC,SPQR)
 (/usr/share/texlive/texmf-dist/tex/latex/graphics/trig.sty
Package: trig 2021/08/11 v1.11 sin cos tan (DPC)
) (/usr/share/texlive/texmf-dist/tex/latex/graphics-cfg/graphics.cfg
File: graphics.cfg 2016/06/04 v1.11 sample graphics configuration
)
Package graphics Info: Driver file: pdftex.def on input line 107.
)
\Gin@req@height=\dimen170
\Gin@req@width=\dimen171
) (/usr/share/texlive/texmf-dist/tex/latex/eso-pic/eso-pic.sty
Package: eso-pic 2023/05/03 v3.0c eso-pic (RN)
\ESO@tempdima=\dimen172
\ESO@tempdimb=\dimen173
) (/usr/share/texlive/texmf-dist/tex/latex/hyperref/hyperref.sty
Package: hyperref 2024-01-20 v7.01h Hypertext links for LaTeX
 (/usr/share/texlive/texmf-dist/tex/latex/kvsetkeys/kvsetkeys.sty
Package: kvsetkeys 2022-10-05 v1.19 Key value parser (HO)
) (/usr/share/texlive/texmf-dist/tex/generic/kvdefinekeys/kvdefinekeys.sty
Package: kvdefinekeys 2019-12-19 v1.6 Define keys (HO)
) (/usr/share/texlive/texmf-dist/tex/generic/pdfescape/pdfescape.sty
Package: pdfescape 2019/12/09 v1.15 Implements pdfTeX's escape features (HO)
 (/usr/share/texlive/texmf-dist/tex/generic/ltxcmds/ltxcmds.sty
Package: ltxcmds 2023-12-04 v1.26 LaTeX kernel commands for general use (HO)
) (/usr/share/texlive/texmf-dist/tex/generic/pdftexcmds/pdftexcmds.sty
Package: pdftexcmds 2020-06-27 v0.33 Utility functions of pdfTeX for LuaTeX (HO)
 (/usr/share/texlive/texmf-dist/tex/generic/infwarerr/infwarerr.sty
Package: infwarerr 2019/12/03 v1.5 Providing info/warning/error messages (HO)
)
Package pdftexcmds Info: \pdf@primitive is available.
Package pdftexcmds Info: \pdf@ifprimitive is available.
Package pdftexcmds Info: \pdfdraftmode found.
)) (/usr/share/texlive/texmf-dist/tex/latex/hycolor/hycolor.sty
Package: hycolor 2020-01-27 v1.10 Color options for hyperref/bookmark (HO)
) (/usr/share/texlive/texmf-dist/tex/latex/auxhook/auxhook.sty
Package: auxhook 2019-12-17 v1.6 Hooks for auxiliary files (HO)
) (/usr/share/texlive/texmf-dist/tex/latex/hyperref/nameref.sty
Package: nameref 2023-11-26 v2.56 Cross-referencing by name of section
 (/usr/share/texlive/texmf-dist/tex/latex/refcount/refcount.sty
Package: refcount 2019/12/15 v3.6 Data extraction from label references (HO)
) (/usr/share/texlive/texmf-dist/tex/generic/gettitlestring/gettitlestring.sty
Package: gettitlestring 2019/12/15 v1.6 Cleanup title references (HO)
 (/usr/share/texlive/texmf-dist/tex/latex/kvoptions/kvoptions.sty
Package: kvoptions 2022-06-15 v3.15 Key value format for package options (HO)
))
\c@section@level=\count287
) (/usr/share/texlive/texmf-dist/tex/latex/etoolbox/etoolbox.sty
Package: etoolbox 2020/10/05 v2.5k e-TeX tools for LaTeX (JAW)
\etb@tempcnta=\count288
)
\@linkdim=\dimen174
\Hy@linkcounter=\count289
\Hy@pagecounter=\count290
 (/usr/share/texlive/texmf-dist/tex/latex/hyperref/pd1enc.def
File: pd1enc.def 2024-01-20 v7.01h Hyperref: PDFDocEncoding definition (HO)
Now handling font encoding PD1 ...
... no UTF-8 mapping file for font encoding PD1
) (/usr/share/texlive/texmf-dist/tex/generic/intcalc/intcalc.sty
Package: intcalc 2019/12/15 v1.3 Expandable calculations with integers (HO)
)
\Hy@SavedSpaceFactor=\count291
 (/usr/share/texlive/texmf-dist/tex/latex/hyperref/puenc.def
File: puenc.def 2024-01-20 v7.01h Hyperref: PDF Unicode definition (HO)
Now handling font encoding PU ...
... no UTF-8 mapping file for font encoding PU
)
Package hyperref Info: Option `colorlinks' set `true' on input line 4062.
Package hyperref Info: Hyper figures OFF on input line 4179.
Package hyperref Info: Link nesting OFF on input line 4184.
Package hyperref Info: Hyper index ON on input line 4187.
Package hyperref Info: Plain pages OFF on input line 4194.
Package hyperref Info: Backreferencing OFF on input line 4199.
Package hyperref Info: Implicit mode ON; LaTeX internals redefined.
Package hyperref Info: Bookmarks ON on input line 4446.
\c@Hy@tempcnt=\count292
LaTeX Info: Redefining \url on input line 4784.
\XeTeXLinkMargin=\dimen175
 (/usr/share/texlive/texmf-dist/tex/generic/bitset/bitset.sty
Package: bitset 2019/12/09 v1.3 Handle bit-vector datatype (HO)
 (/usr/share/texlive/texmf-dist/tex/generic/bigintcalc/bigintcalc.sty
Package: bigintcalc 2019/12/15 v1.5 Expandable calculations on big integers (HO)
))
\Fld@menulength=\count293
\Field@Width=\dimen176
\Fld@charsize=\dimen177
Package hyperref Info: Hyper figures OFF on input line 6063.
Package hyperref Info: Link nesting OFF on input line 6068.
Package hyperref Info: Hyper index ON on input line 6071.
Package hyperref Info: backreferencing OFF on input line 6078.
Package hyperref Info: Link coloring ON on input line 6081.
Package hyperref Info: Link coloring with OCG OFF on input line 6088.
Package hyperref Info: PDF/A mode OFF on input line 6093.
 (/usr/share/texlive/texmf-dist/tex/latex/base/atbegshi-ltx.sty
Package: atbegshi-ltx 2021/01/10 v1.0c Emulation of the original atbegshi
package with kernel methods
)
\Hy@abspage=\count294
\c@Item=\count295
\c@Hfootnote=\count296
)
Package hyperref Info: Driver (autodetected): hpdftex.
 (/usr/share/texlive/texmf-dist/tex/latex/hyperref/hpdftex.def
File: hpdftex.def 2024-01-20 v7.01h Hyperref driver for pdfTeX
 (/usr/share/texlive/texmf-dist/tex/latex/base/atveryend-ltx.sty
Package: atveryend-ltx 2020/08/19 v1.0a Emulation of the original atveryend package
with kernel methods
)
\Fld@listcount=\count297
\c@bookmark@seq@number=\count298
 (/usr/share/texlive/texmf-dist/tex/latex/rerunfilecheck/rerunfilecheck.sty
Package: rerunfilecheck 2022-07-10 v1.10 Rerun checks for auxiliary files (HO)
 (/usr/share/texlive/texmf-dist/tex/generic/uniquecounter/uniquecounter.sty
Package: uniquecounter 2019/12/15 v1.4 Provide unlimited unique counter (HO)
)
Package uniquecounter Info: New unique counter `rerunfilecheck' on input line 285.
)
\Hy@SectionHShift=\skip97
)
Package hyperref Info: Option `colorlinks' set `true' on input line 262.
\c@appendix=\count299
) (/usr/share/texlive/texmf-dist/tex/latex/base/fontenc.sty
Package: fontenc 2021/04/29 v2.0v Standard LaTeX package
LaTeX Font Info:    Trying to load font information for T1+ppl on input line 112.
 (/usr/share/texlive/texmf-dist/tex/latex/psnfss/t1ppl.fd
File: t1ppl.fd 2001/06/04 font definitions for T1/ppl.
)) (/usr/share/texlive/texmf-dist/tex/latex/base/inputenc.sty
Package: inputenc 2021/02/14 v1.3d Input encoding file
\inpenc@prehook=\toks22
\inpenc@posthook=\toks23
) (/usr/share/texlive/texmf-dist/tex/latex/float/float.sty
Package: float 2001/11/08 v1.3d Float enhancements (AL)
\c@float@type=\count300
\float@exts=\toks24
\float@box=\box54
\@float@everytoks=\toks25
\@floatcapt=\box55
) (/usr/share/texlive/texmf-dist/tex/latex/adjustbox/adjustbox.sty
Package: adjustbox 2022/10/17 v1.3a Adjusting TeX boxes (trim, clip, ...)
 (/usr/share/texlive/texmf-dist/tex/latex/xkeyval/xkeyval.sty
Package: xkeyval 2022/06/16 v2.9 package option processing (HA)
 (/usr/share/texlive/texmf-dist/tex/generic/xkeyval/xkeyval.tex (/usr/share/texlive/texmf-dist/tex/generic/xkeyval/xkvutils.tex
\XKV@toks=\toks26
\XKV@tempa@toks=\toks27
)
\XKV@depth=\count301
File: xkeyval.tex 2014/12/03 v2.7a key=value parser (HA)
)) (/usr/share/texlive/texmf-dist/tex/latex/adjustbox/adjcalc.sty
Package: adjcalc 2012/05/16 v1.1 Provides advanced setlength with multiple back-ends (calc, etex, pgfmath)
) (/usr/share/texlive/texmf-dist/tex/latex/adjustbox/trimclip.sty
Package: trimclip 2020/08/19 v1.2 Trim and clip general TeX material
 (/usr/share/texlive/texmf-dist/tex/latex/collectbox/collectbox.sty
Package: collectbox 2022/10/17 v0.4c Collect macro arguments as boxes
\collectedbox=\box56
)
\tc@llx=\dimen178
\tc@lly=\dimen179
\tc@urx=\dimen180
\tc@ury=\dimen181
Package trimclip Info: Using driver 'tc-pdftex.def'.
 (/usr/share/texlive/texmf-dist/tex/latex/adjustbox/tc-pdftex.def
File: tc-pdftex.def 2019/01/04 v2.2 Clipping driver for pdftex
))
\adjbox@Width=\dimen182
\adjbox@Height=\dimen183
\adjbox@Depth=\dimen184
\adjbox@Totalheight=\dimen185
\adjbox@pwidth=\dimen186
\adjbox@pheight=\dimen187
\adjbox@pdepth=\dimen188
\adjbox@ptotalheight=\dimen189
 (/usr/share/texlive/texmf-dist/tex/latex/ifoddpage/ifoddpage.sty
Package: ifoddpage 2022/10/18 v1.2 Conditionals for odd/even page detection
\c@checkoddpage=\count302
) (/usr/share/texlive/texmf-dist/tex/latex/varwidth/varwidth.sty
Package: varwidth 2009/03/30 ver 0.92;  Variable-width minipages
\@vwid@box=\box57
\sift@deathcycles=\count303
\@vwid@loff=\dimen190
\@vwid@roff=\dimen191
)) (/usr/share/texlive/texmf-dist/tex/latex/base/textcomp.sty
Package: textcomp 2020/02/02 v2.0n Standard LaTeX package
) (/usr/share/texmf/tex/latex/lm/lmodern.sty
Package: lmodern 2015/05/01 v1.6.1 Latin Modern Fonts
LaTeX Font Info:    Overwriting symbol font `operators' in version `normal'
(Font)                  OT1/ppl/m/n --> OT1/lmr/m/n on input line 22.
LaTeX Font Info:    Overwriting symbol font `letters' in version `normal'
(Font)                  OML/zplm/m/it --> OML/lmm/m/it on input line 23.
LaTeX Font Info:    Overwriting symbol font `symbols' in version `normal'
(Font)                  OMS/zplm/m/n --> OMS/lmsy/m/n on input line 24.
LaTeX Font Info:    Overwriting symbol font `largesymbols' in version `normal'
(Font)                  OMX/zplm/m/n --> OMX/lmex/m/n on input line 25.
LaTeX Font Info:    Overwriting symbol font `operators' in version `bold'
(Font)                  OT1/ppl/b/n --> OT1/lmr/bx/n on input line 26.
LaTeX Font Info:    Overwriting symbol font `letters' in version `bold'
(Font)                  OML/zplm/b/it --> OML/lmm/b/it on input line 27.
LaTeX Font Info:    Overwriting symbol font `symbols' in version `bold'
(Font)                  OMS/zplm/b/n --> OMS/lmsy/b/n on input line 28.
LaTeX Font Info:    Overwriting symbol font `largesymbols' in version `bold'
(Font)                  OMX/zplm/m/n --> OMX/lmex/m/n on input line 29.
LaTeX Font Info:    Overwriting math alphabet `\mathbf' in version `normal'
(Font)                  OT1/zplm/b/n --> OT1/lmr/bx/n on input line 31.
LaTeX Font Info:    Overwriting math alphabet `\mathsf' in version `normal'
(Font)                  OT1/cmss/m/n --> OT1/lmss/m/n on input line 32.
LaTeX Font Info:    Overwriting math alphabet `\mathit' in version `normal'
(Font)                  OT1/ppl/m/it --> OT1/lmr/m/it on input line 33.
LaTeX Font Info:    Overwriting math alphabet `\mathtt' in version `normal'
(Font)                  OT1/cmtt/m/n --> OT1/lmtt/m/n on input line 34.
LaTeX Font Info:    Overwriting math alphabet `\mathbf' in version `bold'
(Font)                  OT1/zplm/b/n --> OT1/lmr/bx/n on input line 35.
LaTeX Font Info:    Overwriting math alphabet `\mathsf' in version `bold'
(Font)                  OT1/cmss/bx/n --> OT1/lmss/bx/n on input line 36.
LaTeX Font Info:    Overwriting math alphabet `\mathit' in version `bold'
(Font)                  OT1/ppl/b/it --> OT1/lmr/bx/it on input line 37.
LaTeX Font Info:    Overwriting math alphabet `\mathtt' in version `bold'
(Font)                  OT1/cmtt/m/n --> OT1/lmtt/m/n on input line 38.
) (/usr/share/texlive/texmf-dist/tex/latex/amsmath/amsmath.sty
Package: amsmath 2023/05/13 v2.17o AMS math features
\@mathmargin=\skip98

For additional information on amsmath, use the `?' option.
(/usr/share/texlive/texmf-dist/tex/latex/amsmath/amstext.sty
Package: amstext 2021/08/26 v2.01 AMS text
 (/usr/share/texlive/texmf-dist/tex/latex/amsmath/amsgen.sty
File: amsgen.sty 1999/11/30 v2.0 generic functions
\@emptytoks=\toks28
\ex@=\dimen192
)) (/usr/share/texlive/texmf-dist/tex/latex/amsmath/amsbsy.sty
Package: amsbsy 1999/11/29 v1.2d Bold Symbols
\pmbraise@=\dimen193
) (/usr/share/texlive/texmf-dist/tex/latex/amsmath/amsopn.sty
Package: amsopn 2022/04/08 v2.04 operator names
)
\inf@bad=\count304
LaTeX Info: Redefining \frac on input line 234.
\uproot@=\count305
\leftroot@=\count306
LaTeX Info: Redefining \overline on input line 399.
LaTeX Info: Redefining \colon on input line 410.
\classnum@=\count307
\DOTSCASE@=\count308
LaTeX Info: Redefining \ldots on input line 496.
LaTeX Info: Redefining \dots on input line 499.
LaTeX Info: Redefining \cdots on input line 620.
\Mathstrutbox@=\box58
\strutbox@=\box59
LaTeX Info: Redefining \big on input line 722.
LaTeX Info: Redefining \Big on input line 723.
LaTeX Info: Redefining \bigg on input line 724.
LaTeX Info: Redefining \Bigg on input line 725.
\big@size=\dimen194
LaTeX Font Info:    Redeclaring font encoding OML on input line 743.
LaTeX Font Info:    Redeclaring font encoding OMS on input line 744.
\macc@depth=\count309
LaTeX Info: Redefining \bmod on input line 905.
LaTeX Info: Redefining \pmod on input line 910.
LaTeX Info: Redefining \smash on input line 940.
LaTeX Info: Redefining \relbar on input line 970.
LaTeX Info: Redefining \Relbar on input line 971.
\c@MaxMatrixCols=\count310
\dotsspace@=\muskip17
\c@parentequation=\count311
\dspbrk@lvl=\count312
\tag@help=\toks29
\row@=\count313
\column@=\count314
\maxfields@=\count315
\andhelp@=\toks30
\eqnshift@=\dimen195
\alignsep@=\dimen196
\tagshift@=\dimen197
\tagwidth@=\dimen198
\totwidth@=\dimen199
\lineht@=\dimen256
\@envbody=\toks31
\multlinegap=\skip99
\multlinetaggap=\skip100
\mathdisplay@stack=\toks32
LaTeX Info: Redefining \[ on input line 2953.
LaTeX Info: Redefining \] on input line 2954.
)
Package hyperref Info: Option `colorlinks' set `true' on input line 46.
LaTeX Font Info:    Trying to load font information for T1+lmr on input line 83.
 (/usr/share/texmf/tex/latex/lm/t1lmr.fd
File: t1lmr.fd 2015/05/01 v1.6.1 Font defs for Latin Modern
) (/usr/share/texlive/texmf-dist/tex/latex/l3backend/l3backend-pdftex.def
File: l3backend-pdftex.def 2024-01-04 L3 backend support: PDF output (pdfTeX)
\l__color_backend_stack_int=\count316
\l__pdf_internal_box=\box60
) (./plantillatfg.aux
LaTeX Info: Redefining \. on input line 12.
LaTeX Info: Redefining \% on input line 12.
LaTeX Info: Redefining \. on input line 13.
LaTeX Info: Redefining \% on input line 13.
LaTeX Info: Redefining \. on input line 14.
LaTeX Info: Redefining \% on input line 14.
LaTeX Info: Redefining \. on input line 16.
LaTeX Info: Redefining \% on input line 16.
LaTeX Info: Redefining \. on input line 18.
LaTeX Info: Redefining \% on input line 18.


LaTeX Warning: Label `GEN' multiply defined.

)
\openout1 = `plantillatfg.aux'.

LaTeX Font Info:    Checking defaults for OML/cmm/m/it on input line 83.
LaTeX Font Info:    ... okay on input line 83.
LaTeX Font Info:    Checking defaults for OMS/cmsy/m/n on input line 83.
LaTeX Font Info:    ... okay on input line 83.
LaTeX Font Info:    Checking defaults for OT1/cmr/m/n on input line 83.
LaTeX Font Info:    ... okay on input line 83.
LaTeX Font Info:    Checking defaults for T1/cmr/m/n on input line 83.
LaTeX Font Info:    ... okay on input line 83.
LaTeX Font Info:    Checking defaults for TS1/cmr/m/n on input line 83.
LaTeX Font Info:    ... okay on input line 83.
LaTeX Font Info:    Checking defaults for OMX/cmex/m/n on input line 83.
LaTeX Font Info:    ... okay on input line 83.
LaTeX Font Info:    Checking defaults for U/cmr/m/n on input line 83.
LaTeX Font Info:    ... okay on input line 83.
LaTeX Font Info:    Checking defaults for PD1/pdf/m/n on input line 83.
LaTeX Font Info:    ... okay on input line 83.
LaTeX Font Info:    Checking defaults for PU/pdf/m/n on input line 83.
LaTeX Font Info:    ... okay on input line 83.
LaTeX Info: Redefining \. on input line 83.
LaTeX Info: Redefining \% on input line 83.
LaTeX Info: Redefining \l on input line 83.
LaTeX Info: Redefining \L on input line 83.

*geometry* driver: auto-detecting
*geometry* detected driver: pdftex
*geometry* verbose mode - [ preamble ] result:
* driver: pdftex
* paper: a4paper
* layout: <same size as paper>
* layoutoffset:(h,v)=(0.0pt,0.0pt)
* modes: twoside 
* h-part:(L,W,R)=(85.35826pt, 426.79135pt, 85.35826pt)
* v-part:(T,H,B)=(66.86414pt, 711.31857pt, 66.86414pt)
* \paperwidth=597.50787pt
* \paperheight=845.04684pt
* \textwidth=426.79135pt
* \textheight=711.31857pt
* \oddsidemargin=13.08827pt
* \evensidemargin=13.08827pt
* \topmargin=-37.27965pt
* \headheight=16.0pt
* \headsep=19.8738pt
* \topskip=11.0pt
* \footskip=27.46295pt
* \marginparwidth=116.0pt
* \marginparsep=7.0pt
* \columnsep=10.0pt
* \skip\footins=10.0pt plus 4.0pt minus 2.0pt
* \hoffset=0.0pt
* \voffset=0.0pt
* \mag=1000
* \@twocolumnfalse
* \@twosidetrue
* \@mparswitchtrue
* \@reversemarginfalse
* (1in=72.27pt=25.4mm, 1cm=28.453pt)

(/usr/share/texlive/texmf-dist/tex/context/base/mkii/supp-pdf.mkii
[Loading MPS to PDF converter (version 2006.09.02).]
\scratchcounter=\count317
\scratchdimen=\dimen257
\scratchbox=\box61
\nofMPsegments=\count318
\nofMParguments=\count319
\everyMPshowfont=\toks33
\MPscratchCnt=\count320
\MPscratchDim=\dimen258
\MPnumerator=\count321
\makeMPintoPDFobject=\count322
\everyMPtoPDFconversion=\toks34
) (/usr/share/texlive/texmf-dist/tex/latex/epstopdf-pkg/epstopdf-base.sty
Package: epstopdf-base 2020-01-24 v2.11 Base part for package epstopdf
 (/usr/share/texlive/texmf-dist/tex/latex/grfext/grfext.sty
Package: grfext 2019/12/03 v1.3 Manage graphics extensions (HO)
)
Package epstopdf-base Info: Redefining graphics rule for `.eps' on input line 485.
Package grfext Info: Graphics extension search list:
(grfext)             [.pdf,.png,.jpg,.mps,.jpeg,.jbig2,.jb2,.PDF,.PNG,.JPG,.JPEG,.JBIG2,.JB2,.eps]
(grfext)             \AppendGraphicsExtensions on input line 504.
 (/usr/share/texlive/texmf-dist/tex/latex/latexconfig/epstopdf-sys.cfg
File: epstopdf-sys.cfg 2010/07/13 v1.3 Configuration of (r)epstopdf for TeX Live
))
Package caption Info: Begin \AtBeginDocument code.
Package caption Info: float package is loaded.
Package caption Info: hyperref package is loaded.
Package caption Info: listings package is loaded.
Package caption Info: End \AtBeginDocument code.
Package newfloat Info: `float' package detected.
\c@lstlisting=\count323
Package hyperref Info: Link coloring ON on input line 83.
 (./plantillatfg.out) (./plantillatfg.out)
\@outlinefile=\write3
\openout3 = `plantillatfg.out'.



LaTeX Font Warning: Font shape `T1/lmr/bx/sc' undefined
(Font)              using `T1/lmr/bx/n' instead on input line 83.

LaTeX Font Info:    Trying to load font information for OT1+lmr on input line 83.
(/usr/share/texmf/tex/latex/lm/ot1lmr.fd
File: ot1lmr.fd 2015/05/01 v1.6.1 Font defs for Latin Modern
)
LaTeX Font Info:    Trying to load font information for OML+lmm on input line 83.
 (/usr/share/texmf/tex/latex/lm/omllmm.fd
File: omllmm.fd 2015/05/01 v1.6.1 Font defs for Latin Modern
)
LaTeX Font Info:    Trying to load font information for OMS+lmsy on input line 83.
 (/usr/share/texmf/tex/latex/lm/omslmsy.fd
File: omslmsy.fd 2015/05/01 v1.6.1 Font defs for Latin Modern
)
LaTeX Font Info:    Trying to load font information for OMX+lmex on input line 83.
 (/usr/share/texmf/tex/latex/lm/omxlmex.fd
File: omxlmex.fd 2015/05/01 v1.6.1 Font defs for Latin Modern
)
LaTeX Font Info:    External font `lmex10' loaded for size
(Font)              <12> on input line 83.
LaTeX Font Info:    External font `lmex10' loaded for size
(Font)              <9> on input line 83.
LaTeX Font Info:    External font `lmex10' loaded for size
(Font)              <7> on input line 83.
LaTeX Font Info:    Trying to load font information for OT1+zplm on input line 83.
 (/usr/share/texlive/texmf-dist/tex/latex/psnfss/ot1zplm.fd
File: ot1zplm.fd 2002/09/08 Fontinst v1.914 font definitions for OT1/zplm.
)
<logo-upv.pdf, id=261, 331.2375pt x 105.39375pt>
File: logo-upv.pdf Graphic file (type pdf)
<use logo-upv.pdf>
Package pdftex.def Info: logo-upv.pdf  used on input line 83.
(pdftex.def)             Requested size: 178.85042pt x 56.9055pt.
<logo-etsinf.pdf, id=262, 311.1625pt x 120.45pt>
File: logo-etsinf.pdf Graphic file (type pdf)
<use logo-etsinf.pdf>
Package pdftex.def Info: logo-etsinf.pdf  used on input line 83.
(pdftex.def)             Requested size: 147.00606pt x 56.9055pt.
<baseportada.png, id=263, 1027.84pt x 578.16pt>
File: baseportada.png Graphic file (type png)
<use baseportada.png>
Package pdftex.def Info: baseportada.png  used on input line 83.
(pdftex.def)             Requested size: 597.51208pt x 366.75699pt.
 [1



{/var/lib/texmf/fonts/map/pdftex/updmap/pdftex.map}{/usr/share/texmf/fonts/enc/dvips/lm/lm-ec.enc} <./logo-upv.pdf> <./logo-etsinf.pdf> <./baseportada.png>] [2

]
LaTeX Info: Redefining \. on input line 89.
LaTeX Info: Redefining \% on input line 89.
LaTeX Font Info:    Trying to load font information for T1+lmss on input line 89.
 (/usr/share/texmf/tex/latex/lm/t1lmss.fd
File: t1lmss.fd 2015/05/01 v1.6.1 Font defs for Latin Modern
)
Underfull \hbox (badness 10000) in paragraph at lines 96--99

 []


Underfull \hbox (badness 10000) in paragraph at lines 96--99

 []

LaTeX Info: Redefining \. on input line 99.
LaTeX Info: Redefining \% on input line 99.
LaTeX Font Info:    Trying to load font information for TS1+lmr on input line 105.
(/usr/share/texmf/tex/latex/lm/ts1lmr.fd
File: ts1lmr.fd 2015/05/01 v1.6.1 Font defs for Latin Modern
)
Underfull \hbox (badness 10000) in paragraph at lines 105--108

 []


Underfull \hbox (badness 10000) in paragraph at lines 105--108

 []

LaTeX Info: Redefining \. on input line 108.
LaTeX Info: Redefining \% on input line 108.
[3{/usr/share/texmf/fonts/enc/dvips/lm/lm-ts1.enc}]
Underfull \hbox (badness 10000) in paragraph at lines 114--117

 []


Underfull \hbox (badness 10000) in paragraph at lines 114--117

 []

LaTeX Info: Redefining \. on input line 117.
LaTeX Info: Redefining \% on input line 117.

Package spanish Warning: Replacing `T1/lmr/bx/sc' by 
(spanish)                faked small caps on input line 117.

[4] (./plantillatfg.toc
LaTeX Info: Redefining \. on input line 1.
LaTeX Info: Redefining \% on input line 1.
LaTeX Info: Redefining \. on input line 2.
LaTeX Info: Redefining \% on input line 2.
LaTeX Info: Redefining \. on input line 3.
LaTeX Info: Redefining \% on input line 3.
LaTeX Info: Redefining \. on input line 5.
LaTeX Info: Redefining \% on input line 5.
LaTeX Info: Redefining \. on input line 7.
LaTeX Info: Redefining \% on input line 7.
LaTeX Font Info:    External font `lmex10' loaded for size
(Font)              <10.95> on input line 8.
LaTeX Font Info:    External font `lmex10' loaded for size
(Font)              <8> on input line 8.
LaTeX Font Info:    External font `lmex10' loaded for size
(Font)              <6> on input line 8.


Package spanish Warning: Replacing `T1/lmr/bx/sc' by 
(spanish)                faked small caps on input line 8.


Package spanish Warning: Replacing `T1/lmr/bx/sc' by 
(spanish)                faked small caps on input line 9.


Package spanish Warning: Replacing `T1/lmr/bx/sc' by 
(spanish)                faked small caps on input line 10.

[5

])
\tf@toc=\write4
\openout4 = `plantillatfg.toc'.



Package spanish Warning: Replacing `T1/lmr/bx/sc' by 
(spanish)                faked small caps on input line 117.

LaTeX Info: Redefining \. on input line 117.
LaTeX Info: Redefining \% on input line 117.
[6] (./plantillatfg.lof
LaTeX Info: Redefining \. on input line 1.
LaTeX Info: Redefining \% on input line 1.
LaTeX Info: Redefining \. on input line 2.
LaTeX Info: Redefining \% on input line 2.
LaTeX Info: Redefining \. on input line 3.
LaTeX Info: Redefining \% on input line 3.
LaTeX Info: Redefining \. on input line 5.
LaTeX Info: Redefining \% on input line 5.
LaTeX Info: Redefining \. on input line 7.
LaTeX Info: Redefining \% on input line 7.
)
\tf@lof=\write5
\openout5 = `plantillatfg.lof'.

 (./plantillatfg.lot
LaTeX Info: Redefining \. on input line 1.
LaTeX Info: Redefining \% on input line 1.
LaTeX Info: Redefining \. on input line 2.
LaTeX Info: Redefining \% on input line 2.
LaTeX Info: Redefining \. on input line 3.
LaTeX Info: Redefining \% on input line 3.
LaTeX Info: Redefining \. on input line 5.
LaTeX Info: Redefining \% on input line 5.
LaTeX Info: Redefining \. on input line 7.
LaTeX Info: Redefining \% on input line 7.
)
\tf@lot=\write6
\openout6 = `plantillatfg.lot'.

 [7

] [8

]
Cap\'{\i }tulo 1.
<Retinosis-Pigmetaria.jpg, id=422, 615.29875pt x 342.27875pt>
File: Retinosis-Pigmetaria.jpg Graphic file (type jpg)
<use Retinosis-Pigmetaria.jpg>
Package pdftex.def Info: Retinosis-Pigmetaria.jpg  used on input line 135.
(pdftex.def)             Requested size: 384.1096pt x 213.6782pt.

Underfull \vbox (badness 4569) has occurred while \output is active []

 [1

 <./Retinosis-Pigmetaria.jpg>]
LaTeX Info: Redefining \. on input line 165.
LaTeX Info: Redefining \% on input line 165.
 [2]
LaTeX Info: Redefining \. on input line 195.
LaTeX Info: Redefining \% on input line 195.
 [3]
LaTeX Info: Redefining \. on input line 229.
LaTeX Info: Redefining \% on input line 229.
 [4]
Cap\'{\i }tulo 2.

Underfull \vbox (badness 10000) has occurred while \output is active []

 [5

]
LaTeX Info: Redefining \. on input line 264.
LaTeX Info: Redefining \% on input line 264.
 [6]
LaTeX Info: Redefining \. on input line 272.
LaTeX Info: Redefining \% on input line 272.
 [7] [8

]
Cap\'{\i }tulo 3.
<ADN.png, id=487, 1541.76pt x 1027.84pt>
File: ADN.png Graphic file (type png)
<use ADN.png>
Package pdftex.def Info: ADN.png  used on input line 283.
(pdftex.def)             Requested size: 384.1096pt x 256.0654pt.
[9 <./ADN.png (PNG copy)>]
LaTeX Info: Redefining \. on input line 323.
LaTeX Info: Redefining \% on input line 323.
 [10]
LaTeX Font Info:    Trying to load font information for T1+lmtt on input line 346.
 (/usr/share/texmf/tex/latex/lm/t1lmtt.fd
File: t1lmtt.fd 2015/05/01 v1.6.1 Font defs for Latin Modern
)
LaTeX Info: Redefining \. on input line 361.
LaTeX Info: Redefining \% on input line 361.
 [11]
LaTeX Info: Redefining \. on input line 412.
LaTeX Info: Redefining \% on input line 412.
 [12]
LaTeX Info: Redefining \. on input line 447.
LaTeX Info: Redefining \% on input line 447.
 [13{/usr/share/texmf/fonts/enc/dvips/lm/lm-mathit.enc}{/usr/share/texmf/fonts/enc/dvips/lm/lm-mathsy.enc}{/usr/share/texmf/fonts/enc/dvips/lm/lm-mathex.enc}{/usr/share/texmf/fonts/enc/dvips/lm/lm-rm.enc}]
<entropia_markov.png, id=545, 1583.9175pt x 916.42375pt>
File: entropia_markov.png Graphic file (type png)
<use entropia_markov.png>
Package pdftex.def Info: entropia_markov.png  used on input line 463.
(pdftex.def)             Requested size: 384.1096pt x 222.2255pt.
LaTeX Info: Redefining \. on input line 472.
LaTeX Info: Redefining \% on input line 472.
 [14{/usr/share/texlive/texmf-dist/fonts/enc/dvips/base/8r.enc} <./entropia_markov.png>]
<entropia_markov_ADN.png, id=553, 3850.385pt x 3987.89874pt>
File: entropia_markov_ADN.png Graphic file (type png)
<use entropia_markov_ADN.png>
Package pdftex.def Info: entropia_markov_ADN.png  used on input line 479.
(pdftex.def)             Requested size: 384.1096pt x 397.77878pt.
LaTeX Info: Redefining \. on input line 486.
LaTeX Info: Redefining \% on input line 486.
 [15 <./entropia_markov_ADN.png>] [16

]
Cap\'{\i }tulo 4.
[17]
LaTeX Info: Redefining \. on input line 549.
LaTeX Info: Redefining \% on input line 549.
 [18]
LaTeX Info: Redefining \. on input line 584.
LaTeX Info: Redefining \% on input line 584.
 [19]
LaTeX Info: Redefining \. on input line 631.
LaTeX Info: Redefining \% on input line 631.
 [20]
LaTeX Info: Redefining \. on input line 660.
LaTeX Info: Redefining \% on input line 660.
 [21]
<Diagramas de flujo.png, id=590, 659.46375pt x 288.17662pt>
File: Diagramas de flujo.png Graphic file (type png)
<use Diagramas de flujo.png>
Package pdftex.def Info: Diagramas de flujo.png  used on input line 682.
(pdftex.def)             Requested size: 384.1096pt x 167.85489pt.
LaTeX Info: Redefining \. on input line 689.
LaTeX Info: Redefining \% on input line 689.
 [22 <./Diagramas de flujo.png>]
Cap\'{\i }tulo 5.

Underfull \vbox (badness 4441) has occurred while \output is active []

 [23

]
LaTeX Info: Redefining \. on input line 743.
LaTeX Info: Redefining \% on input line 743.
 [24]
Underfull \vbox (badness 10000) has occurred while \output is active []

LaTeX Info: Redefining \. on input line 774.
LaTeX Info: Redefining \% on input line 774.
 [25]
Underfull \vbox (badness 2088) has occurred while \output is active []

LaTeX Info: Redefining \. on input line 804.
LaTeX Info: Redefining \% on input line 804.
 [26]
<cromosoma_RP.png, id=614, 1276.77pt x 705.63625pt>
File: cromosoma_RP.png Graphic file (type png)
<use cromosoma_RP.png>
Package pdftex.def Info: cromosoma_RP.png  used on input line 837.
(pdftex.def)             Requested size: 384.1096pt x 212.2847pt.
LaTeX Info: Redefining \. on input line 841.
LaTeX Info: Redefining \% on input line 841.
 [27]
<VCF_RP.png, id=619, 1708.3825pt x 629.35126pt>
File: VCF_RP.png Graphic file (type png)
<use VCF_RP.png>
Package pdftex.def Info: VCF_RP.png  used on input line 844.
(pdftex.def)             Requested size: 384.1096pt x 141.50189pt.
<Analisis_RP.png, id=620, 813.0375pt x 1016.29688pt>
File: Analisis_RP.png Graphic file (type png)
<use Analisis_RP.png>
Package pdftex.def Info: Analisis_RP.png  used on input line 857.
(pdftex.def)             Requested size: 384.1096pt x 480.12529pt.

Underfull \vbox (badness 4621) has occurred while \output is active []

LaTeX Info: Redefining \. on input line 861.
LaTeX Info: Redefining \% on input line 861.
 [28 <./cromosoma_RP.png> <./VCF_RP.png>]
<Graficos_RP.png, id=628, 813.0375pt x 1016.29688pt>
File: Graficos_RP.png Graphic file (type png)
<use Graficos_RP.png>
Package pdftex.def Info: Graficos_RP.png  used on input line 869.
(pdftex.def)             Requested size: 384.1096pt x 480.12529pt.

Underfull \vbox (badness 10000) has occurred while \output is active []

LaTeX Info: Redefining \. on input line 873.
LaTeX Info: Redefining \% on input line 873.
 [29 <./Analisis_RP.png>]
<Automatas_RP.png, id=635, 1016.29688pt x 602.25pt>
File: Automatas_RP.png Graphic file (type png)
<use Automatas_RP.png>
Package pdftex.def Info: Automatas_RP.png  used on input line 876.
(pdftex.def)             Requested size: 384.1096pt x 227.61678pt.

Underfull \vbox (badness 10000) has occurred while \output is active []

LaTeX Info: Redefining \. on input line 880.
LaTeX Info: Redefining \% on input line 880.
 [30 <./Graficos_RP.png>]
<Zip_RP.png, id=641, 1016.29688pt x 451.6875pt>
File: Zip_RP.png Graphic file (type png)
<use Zip_RP.png>
Package pdftex.def Info: Zip_RP.png  used on input line 883.
(pdftex.def)             Requested size: 384.1096pt x 170.71259pt.
LaTeX Info: Redefining \. on input line 892.
LaTeX Info: Redefining \% on input line 892.
 [31 <./Automatas_RP.png> <./Zip_RP.png>] [32

]
Cap\'{\i }tulo 6.
[33] [34

]
Cap\'{\i }tulo 7.
[35] [36

]
Underfull \hbox (badness 10000) in paragraph at lines 992--997
[]\T1/lmr/m/n/10.95 Verana Health.  Why Real-World Da-ta is Key to Pro-vi-
 []


Underfull \hbox (badness 10000) in paragraph at lines 992--997
\T1/lmr/m/n/10.95 ding In-sights In-to Re-ti-ni-tis Pig-men-to-sa, emés el 20 de no-
 []


Underfull \hbox (badness 10000) in paragraph at lines 992--997
\T1/lmr/m/n/10.95 vem-bre de 2024.  Dis-po-ni-ble en [][]$\T1/lmtt/m/n/10.95 https : / / veranahealth . com /
 []


Overfull \hbox (35.41357pt too wide) in paragraph at lines 992--997
\T1/lmtt/m/n/10.95 why-[]real-[]world-[]data-[]is-[]key-[]to-[]providing-[]insights-[]into-[]retinitis-[]pigmentosa/$[][]\T1/lmr/m/n/10.95 . 
 []

[37]
Underfull \hbox (badness 10000) in paragraph at lines 1013--1018
[]\T1/lmr/m/n/10.95 Stevenson, S.  How deep lear-ning may play a ro-le in pre-dic-
 []


Underfull \hbox (badness 10000) in paragraph at lines 1013--1018
\T1/lmr/m/n/10.95 ting re-ti-ni-tis pig-men-to-sa vi-sual im-pair-ment, emés el 14 de ma-rç de
 []


Underfull \hbox (badness 10000) in paragraph at lines 1013--1018
\T1/lmr/m/n/10.95 2023.  Dis-po-ni-ble en [][]$\T1/lmtt/m/n/10.95 https : / / www . ophthalmologytimes . com / view /
 []


Overfull \hbox (99.14964pt too wide) in paragraph at lines 1013--1018
\T1/lmtt/m/n/10.95 how-[]deep-[]learning-[]may-[]play-[]a-[]role-[]in-[]predicting-[]retinitis-[]pigmentosa-[]visual-[]impairment$[][]\T1/lmr/m/n/10.95 . 
 []


Underfull \hbox (badness 10000) in paragraph at lines 1032--1037
\T1/lmr/m/n/10.95 ble en [][]$\T1/lmtt/m/n/10.95 https : / / media . lavozdegalicia . es / noticia / sociedad / 2025 / 04 / 21 /
 []


Underfull \hbox (badness 10000) in paragraph at lines 1032--1037
\T1/lmtt/m/n/10.95 algoritmo-[]encuentra-[]indicios-[]enfermedades-[]parte-[]adnconsidera-[]inutil /
 []


Underfull \hbox (badness 10000) in paragraph at lines 1046--1051
[]\T1/lmr/m/n/10.95 ZonaIT.  Avan-ces en la te-ra-pia gé-ni-ca pa-ra la re-ti-no-sis pig-
 []


Underfull \hbox (badness 10000) in paragraph at lines 1046--1051
\T1/lmr/m/n/10.95 men-ta-ria cau-sa-da por mu-ta-cio-nes en el gen RPGR, sen-se da-
 []


Underfull \hbox (badness 10000) in paragraph at lines 1046--1051
\T1/lmr/m/n/10.95 ta.  Dis-po-ni-ble en [][]$\T1/lmtt/m/n/10.95 https : / / biotech-[]spain . com / es / articles /
 []


Overfull \hbox (158.63698pt too wide) in paragraph at lines 1046--1051
\T1/lmtt/m/n/10.95 avances-[]en-[]la-[]terapia-[]g-[]nica-[]para-[]la-[]retinosis-[]pigmentaria-[]causada-[]por-[]mutaciones-[]en-[]el-[]gen-[]rpgr$[][]\T1/lmr/m/n/10.95 . 
 []


Underfull \hbox (badness 5036) in paragraph at lines 1079--1083
[]\T1/lmr/m/n/10.95 National Hu-man Ge-no-me Re-search Ins-ti-tu-te (NH-GRI).  In-tro-duc-tion to
 []


Underfull \hbox (badness 10000) in paragraph at lines 1079--1083
\T1/lmr/m/n/10.95 Ge-no-mics.  Dis-po-ni-ble en  [][]$\T1/lmtt/m/n/10.95 https : / / www . genome . gov / About-[]Genomics /
 []

LaTeX Info: Redefining \. on input line 1085.
LaTeX Info: Redefining \% on input line 1085.
[38]
Underfull \hbox (badness 10000) in paragraph at lines 1086--1090
[]\T1/lmr/m/n/10.95 EMBL-EBI.  Un-ders-tan-ding VCF for-mat | Hu-man ge-ne-tic va-ria-
 []


Underfull \hbox (badness 10000) in paragraph at lines 1086--1090
\T1/lmr/m/n/10.95 tion.  Dis-po-ni-ble en  [][]$\T1/lmtt/m/n/10.95 https : / / www-[]ebi-[]ac-[]uk . translate . goog /
 []


Underfull \hbox (badness 10000) in paragraph at lines 1086--1090
\T1/lmtt/m/n/10.95 training / online / courses / human-[]genetic-[]variation-[]introduction /
 []


Underfull \hbox (badness 10000) in paragraph at lines 1086--1090
\T1/lmtt/m/n/10.95 variant-[]identification-[]and-[]analysis / understanding-[]vcf-[]format / ? _ x _
 []

LaTeX Info: Redefining \. on input line 1117.
LaTeX Info: Redefining \% on input line 1117.
[39
pdfTeX warning (ext4): destination with the same identifier (name{cite.GEN}) has been already used, duplicate ignored
<argument> ...shipout:D \box_use:N \l_shipout_box 
                                                  \__shipout_drop_firstpage_...
l.1117 \cleardoublepage
                       ] [40

]
Ap\'{e}ndice A.

Underfull \vbox (badness 10000) has occurred while \output is active []

 [41

]
LaTeX Info: Redefining \. on input line 1175.
LaTeX Info: Redefining \% on input line 1175.
 [42]
Ap\'{e}ndice B.
[43

] (./plantillatfg.aux
LaTeX Info: Redefining \. on input line 12.
LaTeX Info: Redefining \% on input line 12.
LaTeX Info: Redefining \. on input line 13.
LaTeX Info: Redefining \% on input line 13.
LaTeX Info: Redefining \. on input line 14.
LaTeX Info: Redefining \% on input line 14.
LaTeX Info: Redefining \. on input line 16.
LaTeX Info: Redefining \% on input line 16.
LaTeX Info: Redefining \. on input line 18.
LaTeX Info: Redefining \% on input line 18.
)
 ***********
LaTeX2e <2023-11-01> patch level 1
L3 programming layer <2024-01-22>
 ***********


LaTeX Font Warning: Some font shapes were not available, defaults substituted.


LaTeX Warning: There were multiply-defined labels.

Package rerunfilecheck Info: File `plantillatfg.out' has not changed.
(rerunfilecheck)             Checksum: 68F9F646AD10D25669E6678F8FF571B2;14737.
 ) 
Here is how much of TeX's memory you used:
 18019 strings out of 474222
 286587 string characters out of 5748733
 1947975 words of memory out of 5000000
 39776 multiletter control sequences out of 15000+600000
 657644 words of font info for 96 fonts, out of 8000000 for 9000
 1141 hyphenation exceptions out of 8191
 90i,13n,93p,1183b,1197s stack positions out of 10000i,1000n,20000p,200000b,200000s
</usr/share/texlive/texmf-dist/fonts/type1/public/amsfonts/cm/cmr10.pfb></usr/share/texlive/texmf-dist/fonts/type1/public/mathpazo/fplmr.pfb></usr/share/texmf/fonts/type1/public/lm/lmbx10.pfb></usr/share/texmf/fonts/type1/public/lm/lmbx12.pfb></usr/share/texmf/fonts/type1/public/lm/lmbx8.pfb></usr/share/texmf/fonts/type1/public/lm/lmcsc10.pfb></usr/share/texmf/fonts/type1/public/lm/lmex10.pfb></usr/share/texmf/fonts/type1/public/lm/lmmi10.pfb></usr/share/texmf/fonts/type1/public/lm/lmmi8.pfb></usr/share/texmf/fonts/type1/public/lm/lmr10.pfb></usr/share/texmf/fonts/type1/public/lm/lmr12.pfb></usr/share/texmf/fonts/type1/public/lm/lmr8.pfb></usr/share/texmf/fonts/type1/public/lm/lmri10.pfb></usr/share/texmf/fonts/type1/public/lm/lmri12.pfb></usr/share/texmf/fonts/type1/public/lm/lmss10.pfb></usr/share/texmf/fonts/type1/public/lm/lmssbx10.pfb></usr/share/texmf/fonts/type1/public/lm/lmsy10.pfb></usr/share/texmf/fonts/type1/public/lm/lmtt10.pfb></usr/share/texmf/fonts/type1/public/lm/lmtt8.pfb></usr/share/texlive/texmf-dist/fonts/type1/urw/palatino/uplr8a.pfb>
Output written on plantillatfg.pdf (51 pages, 3249968 bytes).
PDF statistics:
 884 PDF objects out of 1000 (max. 8388607)
 755 compressed objects within 8 object streams
 166 named destinations out of 1000 (max. 500000)
 583 words of extra memory for PDF output out of 10000 (max. 10000000)

